2025-05-26 17:17:32,606 - INFO - X_train shape:(8000, 784)
2025-05-26 17:17:32,607 - INFO - X_test shape: (2000, 784)
2025-05-26 17:17:32,607 - INFO - y_train shape:(8000,)
2025-05-26 17:17:32,607 - INFO - y_test shape:(2000,)
2025-05-26 17:17:36,245 - INFO - Best K: 3 with Accuracy: 0.951
2025-05-26 17:17:39,557 - INFO - ____TRAINING PERFORMANCE______ of KNN:  0.976875
2025-05-26 17:17:43,698 - INFO - ____TRAINING PERFORMANCE______ of KNN WITH CONFUSION MATRIX:
[[770   1   0   0   0   2   3   1   0   0]
 [  0 915   2   2   0   0   0   0   0   0]
 [  8   7 791   1   1   0   1  10   0   0]
 [  0   2   2 789   0   3   0   3   1   2]
 [  0   2   0   0 743   0   1   0   1  20]
 [  3   1   0  13   1 695   1   1   1   2]
 [  3   4   0   0   1   0 750   0   0   0]
 [  0  13   2   0   2   1   0 817   0   6]
 [  4   6   1   9   1   4   1   4 755   3]
 [  2   2   2   2   7   0   1   5   0 790]]
2025-05-26 17:17:48,869 - INFO - ___TRAINING PERFORMANCE______OF KNN CLASSIFICATION REPORT:
              precision    recall  f1-score   support

           0       0.97      0.99      0.98       777
           1       0.96      1.00      0.98       919
           2       0.99      0.97      0.98       819
           3       0.97      0.98      0.98       802
           4       0.98      0.97      0.98       767
           5       0.99      0.97      0.98       718
           6       0.99      0.99      0.99       758
           7       0.97      0.97      0.97       841
           8       1.00      0.96      0.98       788
           9       0.96      0.97      0.97       811

    accuracy                           0.98      8000
   macro avg       0.98      0.98      0.98      8000
weighted avg       0.98      0.98      0.98      8000

2025-05-26 17:17:49,906 - INFO - ____TESTING PERFORMANCE______ of KNN:  0.951
2025-05-26 17:17:49,908 - INFO - ____TESTING PERFORMANCE______ of KNN WITH CONFUSION MATRIX:
[[200   0   0   0   0   1   2   0   0   0]
 [  0 215   1   0   0   0   0   0   0   0]
 [  3   6 195   3   0   0   1   5   0   0]
 [  0   0   3 201   0   1   0   3   0   0]
 [  0   1   1   0 203   0   3   0   0   7]
 [  1   2   0   6   0 164   1   0   0   0]
 [  4   1   0   0   1   0 194   0   0   0]
 [  0   2   1   0   0   0   0 183   0   1]
 [  0   0   4   3   2   3   2   5 166   1]
 [  3   2   1   1   5   1   0   4   0 181]]
2025-05-26 17:17:49,920 - INFO - ____TESTING PERFORMANCE______ of KNN WITH CLASSIFICATION REPORT:
              precision    recall  f1-score   support

           0       0.95      0.99      0.97       203
           1       0.94      1.00      0.97       216
           2       0.95      0.92      0.93       213
           3       0.94      0.97      0.95       208
           4       0.96      0.94      0.95       215
           5       0.96      0.94      0.95       174
           6       0.96      0.97      0.96       200
           7       0.92      0.98      0.95       187
           8       1.00      0.89      0.94       186
           9       0.95      0.91      0.93       198

    accuracy                           0.95      2000
   macro avg       0.95      0.95      0.95      2000
weighted avg       0.95      0.95      0.95      2000

2025-05-26 17:17:52,646 - INFO - ____TRAINING PERFORMANCE______ of LR:  0.997375
2025-05-26 17:17:52,687 - INFO - ____TRAINING PERFORMANCE______ of LR WITH CONFUSION MATRIX: 
[[777   0   0   0   0   0   0   0   0   0]
 [  0 919   0   0   0   0   0   0   0   0]
 [  0   0 818   1   0   0   0   0   0   0]
 [  0   0   0 794   0   5   0   0   0   3]
 [  0   0   1   0 766   0   0   0   0   0]
 [  0   0   0   2   0 713   1   0   2   0]
 [  0   0   0   0   0   0 758   0   0   0]
 [  0   0   0   0   0   0   0 840   1   0]
 [  0   1   0   0   0   0   0   0 786   1]
 [  0   0   0   1   0   1   0   0   1 808]]
2025-05-26 17:17:52,738 - INFO - ___TRAINING PERFORMANCE______OF LR CLASSIFICATION REPORT: 
              precision    recall  f1-score   support

           0       1.00      1.00      1.00       777
           1       1.00      1.00      1.00       919
           2       1.00      1.00      1.00       819
           3       0.99      0.99      0.99       802
           4       1.00      1.00      1.00       767
           5       0.99      0.99      0.99       718
           6       1.00      1.00      1.00       758
           7       1.00      1.00      1.00       841
           8       0.99      1.00      1.00       788
           9       1.00      1.00      1.00       811

    accuracy                           1.00      8000
   macro avg       1.00      1.00      1.00      8000
weighted avg       1.00      1.00      1.00      8000

2025-05-26 17:17:52,748 - INFO - ____TESTING PERFORMANCE______ of LR:  0.8905
2025-05-26 17:17:52,750 - INFO - ____TESTING PERFORMANCE______ of LR WITH CONFUSION MATRIX:
[[189   0   2   1   0   5   4   0   1   1]
 [  0 208   1   0   0   3   0   2   2   0]
 [  1   1 183   3   3   1   2   7   8   4]
 [  1   0   5 186   1   7   1   4   0   3]
 [  0   0   3   0 185   0   7   3   3  14]
 [  0   2   1   8   4 139   3   3  12   2]
 [  4   0   3   0   3   5 181   2   2   0]
 [  1   1   1   1   1   1   0 173   1   7]
 [  1   1   4   7   1   8   1   4 155   4]
 [  0   1   0   3   8   2   0   1   1 182]]
2025-05-26 17:17:52,762 - INFO - ____TESTING PERFORMANCE______ of LR WITH CLASSIFICATION REPORT:
               precision    recall  f1-score   support

           0       0.96      0.93      0.94       203
           1       0.97      0.96      0.97       216
           2       0.90      0.86      0.88       213
           3       0.89      0.89      0.89       208
           4       0.90      0.86      0.88       215
           5       0.81      0.80      0.81       174
           6       0.91      0.91      0.91       200
           7       0.87      0.93      0.90       187
           8       0.84      0.83      0.84       186
           9       0.84      0.92      0.88       198

    accuracy                           0.89      2000
   macro avg       0.89      0.89      0.89      2000
weighted avg       0.89      0.89      0.89      2000

